# JRE version: OpenJDK Runtime Environment (17.0.6) (build 17.0.6+0-b2043.56-9586694)
# Java VM: OpenJDK 64-Bit Server VM (17.0.6+0-b2043.56-9586694, mixed mode, tiered, compressed oops, compressed class ptrs, g1 gc, windows-amd64)
GC Precious Log:
 CPUs: 20 total, 20 available
 Memory: 7906M
 Large Page Support: Disabled
 NUMA Support: Disabled
 Compressed Oops: Enabled (32-bit)
 Heap Region Size: 1M
 Heap Min Capacity: 8M
 Heap Initial Capacity: 124M
 Heap Max Capacity: 2G
 Pre-touch: Disabled
 Parallel Workers: 15
 Concurrent Workers: 4
 Concurrent Refinement Workers: 15
 Periodic GC: Disabled
Heap:
 garbage-first heap   total 126976K, used 61959K [0x0000000080000000, 0x0000000100000000)
  region size 1024K, 3 young (3072K), 3 survivors (3072K)
 Metaspace       used 67168K, committed 67776K, reserved 1114112K
  class space    used 8813K, committed 9088K, reserved 1048576K
GC Heap History (20 events):
Event: 2.613 GC heap after
{Heap after GC invocations=11 (full 0):
 garbage-first heap   total 91136K, used 35151K [0x0000000080000000, 0x0000000100000000)
  region size 1024K, 2 young (2048K), 2 survivors (2048K)
 Metaspace       used 50616K, committed 51136K, reserved 1097728K
  class space    used 6696K, committed 6912K, reserved 1048576K
}
Event: 2.833 GC heap before
{Heap before GC invocations=11 (full 0):
 garbage-first heap   total 91136K, used 70991K [0x0000000080000000, 0x0000000100000000)
  region size 1024K, 37 young (37888K), 2 survivors (2048K)
 Metaspace       used 51982K, committed 52416K, reserved 1097728K
  class space    used 6840K, committed 7040K, reserved 1048576K
}
Event: 2.835 GC heap after
{Heap after GC invocations=12 (full 0):
 garbage-first heap   total 91136K, used 37199K [0x0000000080000000, 0x0000000100000000)
  region size 1024K, 4 young (4096K), 4 survivors (4096K)
 Metaspace       used 51982K, committed 52416K, reserved 1097728K
  class space    used 6840K, committed 7040K, reserved 1048576K
}
Event: 2.910 GC heap before
{Heap before GC invocations=12 (full 0):
 garbage-first heap   total 91136K, used 56655K [0x0000000080000000, 0x0000000100000000)
  region size 1024K, 17 young (17408K), 4 survivors (4096K)
 Metaspace       used 52405K, committed 52928K, reserved 1097728K
  class space    used 6890K, committed 7104K, reserved 1048576K
}
Event: 2.912 GC heap after
{Heap after GC invocations=13 (full 0):
 garbage-first heap   total 91136K, used 51431K [0x0000000080000000, 0x0000000100000000)
  region size 1024K, 5 young (5120K), 5 survivors (5120K)
 Metaspace       used 52405K, committed 52928K, reserved 1097728K
  class space    used 6890K, committed 7104K, reserved 1048576K
}
Event: 3.032 GC heap before
{Heap before GC invocations=14 (full 0):
 garbage-first heap   total 92160K, used 70887K [0x0000000080000000, 0x0000000100000000)
  region size 1024K, 24 young (24576K), 5 survivors (5120K)
 Metaspace       used 54737K, committed 55232K, reserved 1097728K
  class space    used 7214K, committed 7424K, reserved 1048576K
}
Event: 3.034 GC heap after
{Heap after GC invocations=15 (full 0):
 garbage-first heap   total 92160K, used 54263K [0x0000000080000000, 0x0000000100000000)
  region size 1024K, 3 young (3072K), 3 survivors (3072K)
 Metaspace       used 54737K, committed 55232K, reserved 1097728K
  class space    used 7214K, committed 7424K, reserved 1048576K
}
Event: 3.161 GC heap before
{Heap before GC invocations=15 (full 0):
 garbage-first heap   total 92160K, used 71671K [0x0000000080000000, 0x0000000100000000)
  region size 1024K, 20 young (20480K), 3 survivors (3072K)
 Metaspace       used 57539K, committed 57984K, reserved 1105920K
  class space    used 7566K, committed 7744K, reserved 1048576K
}
Event: 3.163 GC heap after
{Heap after GC invocations=16 (full 0):
 garbage-first heap   total 92160K, used 54881K [0x0000000080000000, 0x0000000100000000)
  region size 1024K, 1 young (1024K), 1 survivors (1024K)
 Metaspace       used 57539K, committed 57984K, reserved 1105920K
  class space    used 7566K, committed 7744K, reserved 1048576K
}
Event: 3.363 GC heap before
{Heap before GC invocations=17 (full 0):
 garbage-first heap   total 96256K, used 72289K [0x0000000080000000, 0x0000000100000000)
  region size 1024K, 19 young (19456K), 1 survivors (1024K)
 Metaspace       used 60905K, committed 61440K, reserved 1105920K
  class space    used 8048K, committed 8320K, reserved 1048576K
}
Event: 3.365 GC heap after
{Heap after GC invocations=18 (full 0):
 garbage-first heap   total 115712K, used 55803K [0x0000000080000000, 0x0000000100000000)
  region size 1024K, 2 young (2048K), 2 survivors (2048K)
 Metaspace       used 60905K, committed 61440K, reserved 1105920K
  class space    used 8048K, committed 8320K, reserved 1048576K
}
Event: 3.389 GC heap before
{Heap before GC invocations=18 (full 0):
 garbage-first heap   total 115712K, used 58875K [0x0000000080000000, 0x0000000100000000)
  region size 1024K, 5 young (5120K), 2 survivors (2048K)
 Metaspace       used 61214K, committed 61824K, reserved 1105920K
  class space    used 8100K, committed 8384K, reserved 1048576K
}
Event: 3.390 GC heap after
{Heap after GC invocations=19 (full 0):
 garbage-first heap   total 115712K, used 55975K [0x0000000080000000, 0x0000000100000000)
  region size 1024K, 1 young (1024K), 1 survivors (1024K)
 Metaspace       used 61214K, committed 61824K, reserved 1105920K
  class space    used 8100K, committed 8384K, reserved 1048576K
}
Event: 3.450 GC heap before
{Heap before GC invocations=19 (full 0):
 garbage-first heap   total 115712K, used 62119K [0x0000000080000000, 0x0000000100000000)
  region size 1024K, 8 young (8192K), 1 survivors (1024K)
 Metaspace       used 62923K, committed 63488K, reserved 1105920K
  class space    used 8297K, committed 8576K, reserved 1048576K
}
Event: 3.451 GC heap after
{Heap after GC invocations=20 (full 0):
 garbage-first heap   total 115712K, used 57221K [0x0000000080000000, 0x0000000100000000)
  region size 1024K, 2 young (2048K), 2 survivors (2048K)
 Metaspace       used 62923K, committed 63488K, reserved 1105920K
  class space    used 8297K, committed 8576K, reserved 1048576K
}
Event: 3.632 GC heap before
{Heap before GC invocations=21 (full 0):
 garbage-first heap   total 115712K, used 95109K [0x0000000080000000, 0x0000000100000000)
  region size 1024K, 33 young (33792K), 2 survivors (2048K)
 Metaspace       used 65229K, committed 65728K, reserved 1105920K
  class space    used 8589K, committed 8832K, reserved 1048576K
}
Event: 3.634 GC heap after
{Heap after GC invocations=22 (full 0):
 garbage-first heap   total 115712K, used 60087K [0x0000000080000000, 0x0000000100000000)
  region size 1024K, 5 young (5120K), 5 survivors (5120K)
 Metaspace       used 65229K, committed 65728K, reserved 1105920K
  class space    used 8589K, committed 8832K, reserved 1048576K
}
Event: 3.639 GC heap before
{Heap before GC invocations=22 (full 0):
 garbage-first heap   total 115712K, used 61111K [0x0000000080000000, 0x0000000100000000)
  region size 1024K, 6 young (6144K), 5 survivors (5120K)
 Metaspace       used 65309K, committed 65792K, reserved 1105920K
  class space    used 8598K, committed 8832K, reserved 1048576K
}
Event: 3.641 GC heap after
{Heap after GC invocations=23 (full 0):
 garbage-first heap   total 115712K, used 60022K [0x0000000080000000, 0x0000000100000000)
  region size 1024K, 1 young (1024K), 1 survivors (1024K)
 Metaspace       used 65309K, committed 65792K, reserved 1105920K
  class space    used 8598K, committed 8832K, reserved 1048576K
}
Event: 3.761 GC heap before
{Heap before GC invocations=23 (full 0):
 garbage-first heap   total 115712K, used 81526K [0x0000000080000000, 0x0000000100000000)
  region size 1024K, 23 young (23552K), 1 survivors (1024K)
 Metaspace       used 67168K, committed 67776K, reserved 1114112K
  class space    used 8813K, committed 9088K, reserved 1048576K
}

