# JRE version: OpenJDK Runtime Environment (17.0.6) (build 17.0.6+0-b2043.56-9586694)
# Java VM: OpenJDK 64-Bit Server VM (17.0.6+0-b2043.56-9586694, mixed mode, tiered, compressed oops, compressed class ptrs, g1 gc, windows-amd64)
GC Precious Log:
 CPUs: 20 total, 20 available
 Memory: 7906M
 Large Page Support: Disabled
 NUMA Support: Disabled
 Compressed Oops: Enabled (32-bit)
 Heap Region Size: 1M
 Heap Min Capacity: 8M
 Heap Initial Capacity: 124M
 Heap Max Capacity: 2G
 Pre-touch: Disabled
 Parallel Workers: 15
 Concurrent Workers: 4
 Concurrent Refinement Workers: 15
 Periodic GC: Disabled
Heap:
 garbage-first heap   total 178176K, used 127150K [0x0000000080000000, 0x0000000100000000)
  region size 1024K, 33 young (33792K), 1 survivors (1024K)
 Metaspace       used 91321K, committed 92032K, reserved 1130496K
  class space    used 12572K, committed 12928K, reserved 1048576K
GC Heap History (20 events):
Event: 4.361 GC heap before
{Heap before GC invocations=23 (full 0):
 garbage-first heap   total 144384K, used 101084K [0x0000000080000000, 0x0000000100000000)
  region size 1024K, 41 young (41984K), 4 survivors (4096K)
 Metaspace       used 70990K, committed 71552K, reserved 1114112K
  class space    used 9324K, committed 9600K, reserved 1048576K
}
Event: 4.364 GC heap after
{Heap after GC invocations=24 (full 0):
 garbage-first heap   total 144384K, used 62819K [0x0000000080000000, 0x0000000100000000)
  region size 1024K, 5 young (5120K), 5 survivors (5120K)
 Metaspace       used 70990K, committed 71552K, reserved 1114112K
  class space    used 9324K, committed 9600K, reserved 1048576K
}
Event: 4.705 GC heap before
{Heap before GC invocations=24 (full 0):
 garbage-first heap   total 144384K, used 102755K [0x0000000080000000, 0x0000000100000000)
  region size 1024K, 44 young (45056K), 5 survivors (5120K)
 Metaspace       used 71399K, committed 72000K, reserved 1114112K
  class space    used 9387K, committed 9664K, reserved 1048576K
}
Event: 4.710 GC heap after
{Heap after GC invocations=25 (full 0):
 garbage-first heap   total 144384K, used 66308K [0x0000000080000000, 0x0000000100000000)
  region size 1024K, 6 young (6144K), 6 survivors (6144K)
 Metaspace       used 71399K, committed 72000K, reserved 1114112K
  class space    used 9387K, committed 9664K, reserved 1048576K
}
Event: 5.527 GC heap before
{Heap before GC invocations=25 (full 0):
 garbage-first heap   total 144384K, used 107268K [0x0000000080000000, 0x0000000100000000)
  region size 1024K, 46 young (47104K), 6 survivors (6144K)
 Metaspace       used 76447K, committed 76992K, reserved 1122304K
  class space    used 10293K, committed 10560K, reserved 1048576K
}
Event: 5.530 GC heap after
{Heap after GC invocations=26 (full 0):
 garbage-first heap   total 144384K, used 68891K [0x0000000080000000, 0x0000000100000000)
  region size 1024K, 3 young (3072K), 3 survivors (3072K)
 Metaspace       used 76447K, committed 76992K, reserved 1122304K
  class space    used 10293K, committed 10560K, reserved 1048576K
}
Event: 5.841 GC heap before
{Heap before GC invocations=26 (full 0):
 garbage-first heap   total 144384K, used 109851K [0x0000000080000000, 0x0000000100000000)
  region size 1024K, 43 young (44032K), 3 survivors (3072K)
 Metaspace       used 78647K, committed 79232K, reserved 1122304K
  class space    used 10621K, committed 10880K, reserved 1048576K
}
Event: 5.844 GC heap after
{Heap after GC invocations=27 (full 0):
 garbage-first heap   total 144384K, used 71996K [0x0000000080000000, 0x0000000100000000)
  region size 1024K, 6 young (6144K), 6 survivors (6144K)
 Metaspace       used 78647K, committed 79232K, reserved 1122304K
  class space    used 10621K, committed 10880K, reserved 1048576K
}
Event: 6.128 GC heap before
{Heap before GC invocations=28 (full 0):
 garbage-first heap   total 144384K, used 111932K [0x0000000080000000, 0x0000000100000000)
  region size 1024K, 45 young (46080K), 6 survivors (6144K)
 Metaspace       used 81314K, committed 81920K, reserved 1122304K
  class space    used 10994K, committed 11264K, reserved 1048576K
}
Event: 6.132 GC heap after
{Heap after GC invocations=29 (full 0):
 garbage-first heap   total 144384K, used 75456K [0x0000000080000000, 0x0000000100000000)
  region size 1024K, 4 young (4096K), 4 survivors (4096K)
 Metaspace       used 81314K, committed 81920K, reserved 1122304K
  class space    used 10994K, committed 11264K, reserved 1048576K
}
Event: 6.540 GC heap before
{Heap before GC invocations=29 (full 0):
 garbage-first heap   total 144384K, used 113344K [0x0000000080000000, 0x0000000100000000)
  region size 1024K, 41 young (41984K), 4 survivors (4096K)
 Metaspace       used 86219K, committed 86848K, reserved 1130496K
  class space    used 11692K, committed 11968K, reserved 1048576K
}
Event: 6.544 GC heap after
{Heap after GC invocations=30 (full 0):
 garbage-first heap   total 174080K, used 79287K [0x0000000080000000, 0x0000000100000000)
  region size 1024K, 4 young (4096K), 4 survivors (4096K)
 Metaspace       used 86219K, committed 86848K, reserved 1130496K
  class space    used 11692K, committed 11968K, reserved 1048576K
}
Event: 6.845 GC heap before
{Heap before GC invocations=31 (full 0):
 garbage-first heap   total 174080K, used 137655K [0x0000000080000000, 0x0000000100000000)
  region size 1024K, 61 young (62464K), 4 survivors (4096K)
 Metaspace       used 87597K, committed 88256K, reserved 1130496K
  class space    used 11883K, committed 12160K, reserved 1048576K
}
Event: 6.851 GC heap after
{Heap after GC invocations=32 (full 0):
 garbage-first heap   total 174080K, used 87497K [0x0000000080000000, 0x0000000100000000)
  region size 1024K, 8 young (8192K), 8 survivors (8192K)
 Metaspace       used 87597K, committed 88256K, reserved 1130496K
  class space    used 11883K, committed 12160K, reserved 1048576K
}
Event: 7.275 GC heap before
{Heap before GC invocations=32 (full 0):
 garbage-first heap   total 174080K, used 135625K [0x0000000080000000, 0x0000000100000000)
  region size 1024K, 56 young (57344K), 8 survivors (8192K)
 Metaspace       used 90382K, committed 91072K, reserved 1130496K
  class space    used 12435K, committed 12800K, reserved 1048576K
}
Event: 7.282 GC heap after
{Heap after GC invocations=33 (full 0):
 garbage-first heap   total 174080K, used 93386K [0x0000000080000000, 0x0000000100000000)
  region size 1024K, 6 young (6144K), 6 survivors (6144K)
 Metaspace       used 90382K, committed 91072K, reserved 1130496K
  class space    used 12435K, committed 12800K, reserved 1048576K
}
Event: 7.396 GC heap before
{Heap before GC invocations=34 (full 0):
 garbage-first heap   total 178176K, used 137418K [0x0000000080000000, 0x0000000100000000)
  region size 1024K, 50 young (51200K), 6 survivors (6144K)
 Metaspace       used 90950K, committed 91648K, reserved 1130496K
  class space    used 12547K, committed 12864K, reserved 1048576K
}
Event: 7.400 GC heap after
{Heap after GC invocations=35 (full 0):
 garbage-first heap   total 178176K, used 96099K [0x0000000080000000, 0x0000000100000000)
  region size 1024K, 3 young (3072K), 3 survivors (3072K)
 Metaspace       used 90950K, committed 91648K, reserved 1130496K
  class space    used 12547K, committed 12864K, reserved 1048576K
}
Event: 7.417 GC heap before
{Heap before GC invocations=35 (full 0):
 garbage-first heap   total 178176K, used 100195K [0x0000000080000000, 0x0000000100000000)
  region size 1024K, 8 young (8192K), 3 survivors (3072K)
 Metaspace       used 91003K, committed 91712K, reserved 1130496K
  class space    used 12547K, committed 12864K, reserved 1048576K
}
Event: 7.419 GC heap after
{Heap after GC invocations=36 (full 0):
 garbage-first heap   total 178176K, used 96430K [0x0000000080000000, 0x0000000100000000)
  region size 1024K, 1 young (1024K), 1 survivors (1024K)
 Metaspace       used 91003K, committed 91712K, reserved 1130496K
  class space    used 12547K, committed 12864K, reserved 1048576K
}

