# JRE version: OpenJDK Runtime Environment (17.0.6) (build 17.0.6+0-b2043.56-9586694)
# Java VM: OpenJDK 64-Bit Server VM (17.0.6+0-b2043.56-9586694, mixed mode, tiered, compressed oops, compressed class ptrs, g1 gc, windows-amd64)
GC Precious Log:
 CPUs: 20 total, 20 available
 Memory: 7906M
 Large Page Support: Disabled
 NUMA Support: Disabled
 Compressed Oops: Enabled (32-bit)
 Heap Region Size: 1M
 Heap Min Capacity: 8M
 Heap Initial Capacity: 124M
 Heap Max Capacity: 2G
 Pre-touch: Disabled
 Parallel Workers: 15
 Concurrent Workers: 4
 Concurrent Refinement Workers: 15
 Periodic GC: Disabled
Heap:
 garbage-first heap   total 195584K, used 141988K [0x0000000080000000, 0x0000000100000000)
  region size 1024K, 61 young (62464K), 7 survivors (7168K)
 Metaspace       used 90495K, committed 91136K, reserved 1130496K
  class space    used 12469K, committed 12800K, reserved 1048576K
GC Heap History (20 events):
Event: 2.510 GC heap before
{Heap before GC invocations=11 (full 0):
 garbage-first heap   total 82944K, used 63366K [0x0000000080000000, 0x0000000100000000)
  region size 1024K, 34 young (34816K), 4 survivors (4096K)
 Metaspace       used 48969K, committed 49408K, reserved 1097728K
  class space    used 6465K, committed 6656K, reserved 1048576K
}
Event: 2.513 GC heap after
{Heap after GC invocations=12 (full 0):
 garbage-first heap   total 135168K, used 33062K [0x0000000080000000, 0x0000000100000000)
  region size 1024K, 2 young (2048K), 2 survivors (2048K)
 Metaspace       used 48969K, committed 49408K, reserved 1097728K
  class space    used 6465K, committed 6656K, reserved 1048576K
}
Event: 3.102 GC heap before
{Heap before GC invocations=12 (full 0):
 garbage-first heap   total 135168K, used 98598K [0x0000000080000000, 0x0000000100000000)
  region size 1024K, 64 young (65536K), 2 survivors (2048K)
 Metaspace       used 52291K, committed 52736K, reserved 1097728K
  class space    used 6867K, committed 7040K, reserved 1048576K
}
Event: 3.104 GC heap after
{Heap after GC invocations=13 (full 0):
 garbage-first heap   total 135168K, used 39602K [0x0000000080000000, 0x0000000100000000)
  region size 1024K, 6 young (6144K), 6 survivors (6144K)
 Metaspace       used 52291K, committed 52736K, reserved 1097728K
  class space    used 6867K, committed 7040K, reserved 1048576K
}
Event: 3.550 GC heap before
{Heap before GC invocations=13 (full 0):
 garbage-first heap   total 135168K, used 102066K [0x0000000080000000, 0x0000000100000000)
  region size 1024K, 62 young (63488K), 6 survivors (6144K)
 Metaspace       used 59681K, committed 60160K, reserved 1105920K
  class space    used 7861K, committed 8064K, reserved 1048576K
}
Event: 3.554 GC heap after
{Heap after GC invocations=14 (full 0):
 garbage-first heap   total 135168K, used 52368K [0x0000000080000000, 0x0000000100000000)
  region size 1024K, 9 young (9216K), 9 survivors (9216K)
 Metaspace       used 59681K, committed 60160K, reserved 1105920K
  class space    used 7861K, committed 8064K, reserved 1048576K
}
Event: 3.866 GC heap before
{Heap before GC invocations=15 (full 0):
 garbage-first heap   total 135168K, used 110736K [0x0000000080000000, 0x0000000100000000)
  region size 1024K, 60 young (61440K), 9 survivors (9216K)
 Metaspace       used 65750K, committed 66368K, reserved 1114112K
  class space    used 8631K, committed 8960K, reserved 1048576K
}
Event: 3.871 GC heap after
{Heap after GC invocations=16 (full 0):
 garbage-first heap   total 135168K, used 58194K [0x0000000080000000, 0x0000000100000000)
  region size 1024K, 6 young (6144K), 6 survivors (6144K)
 Metaspace       used 65750K, committed 66368K, reserved 1114112K
  class space    used 8631K, committed 8960K, reserved 1048576K
}
Event: 4.192 GC heap before
{Heap before GC invocations=16 (full 0):
 garbage-first heap   total 135168K, used 106322K [0x0000000080000000, 0x0000000100000000)
  region size 1024K, 53 young (54272K), 6 survivors (6144K)
 Metaspace       used 70808K, committed 71360K, reserved 1114112K
  class space    used 9282K, committed 9536K, reserved 1048576K
}
Event: 4.196 GC heap after
{Heap after GC invocations=17 (full 0):
 garbage-first heap   total 135168K, used 62066K [0x0000000080000000, 0x0000000100000000)
  region size 1024K, 4 young (4096K), 4 survivors (4096K)
 Metaspace       used 70808K, committed 71360K, reserved 1114112K
  class space    used 9282K, committed 9536K, reserved 1048576K
}
Event: 4.329 GC heap before
{Heap before GC invocations=17 (full 0):
 garbage-first heap   total 135168K, used 108146K [0x0000000080000000, 0x0000000100000000)
  region size 1024K, 49 young (50176K), 4 survivors (4096K)
 Metaspace       used 71335K, committed 71936K, reserved 1114112K
  class space    used 9369K, committed 9664K, reserved 1048576K
}
Event: 4.333 GC heap after
{Heap after GC invocations=18 (full 0):
 garbage-first heap   total 162816K, used 66182K [0x0000000080000000, 0x0000000100000000)
  region size 1024K, 7 young (7168K), 7 survivors (7168K)
 Metaspace       used 71335K, committed 71936K, reserved 1114112K
  class space    used 9369K, committed 9664K, reserved 1048576K
}
Event: 4.702 GC heap before
{Heap before GC invocations=18 (full 0):
 garbage-first heap   total 162816K, used 125574K [0x0000000080000000, 0x0000000100000000)
  region size 1024K, 65 young (66560K), 7 survivors (7168K)
 Metaspace       used 77764K, committed 78336K, reserved 1122304K
  class space    used 10472K, committed 10752K, reserved 1048576K
}
Event: 4.707 GC heap after
{Heap after GC invocations=19 (full 0):
 garbage-first heap   total 162816K, used 70422K [0x0000000080000000, 0x0000000100000000)
  region size 1024K, 8 young (8192K), 8 survivors (8192K)
 Metaspace       used 77764K, committed 78336K, reserved 1122304K
  class space    used 10472K, committed 10752K, reserved 1048576K
}
Event: 4.962 GC heap before
{Heap before GC invocations=19 (full 0):
 garbage-first heap   total 162816K, used 128790K [0x0000000080000000, 0x0000000100000000)
  region size 1024K, 65 young (66560K), 8 survivors (8192K)
 Metaspace       used 80805K, committed 81408K, reserved 1122304K
  class space    used 10903K, committed 11200K, reserved 1048576K
}
Event: 4.968 GC heap after
{Heap after GC invocations=20 (full 0):
 garbage-first heap   total 162816K, used 75562K [0x0000000080000000, 0x0000000100000000)
  region size 1024K, 9 young (9216K), 9 survivors (9216K)
 Metaspace       used 80805K, committed 81408K, reserved 1122304K
  class space    used 10903K, committed 11200K, reserved 1048576K
}
Event: 5.394 GC heap before
{Heap before GC invocations=20 (full 0):
 garbage-first heap   total 162816K, used 130858K [0x0000000080000000, 0x0000000100000000)
  region size 1024K, 63 young (64512K), 9 survivors (9216K)
 Metaspace       used 86876K, committed 87552K, reserved 1130496K
  class space    used 11774K, committed 12096K, reserved 1048576K
}
Event: 5.400 GC heap after
{Heap after GC invocations=21 (full 0):
 garbage-first heap   total 162816K, used 81129K [0x0000000080000000, 0x0000000100000000)
  region size 1024K, 6 young (6144K), 6 survivors (6144K)
 Metaspace       used 86876K, committed 87552K, reserved 1130496K
  class space    used 11774K, committed 12096K, reserved 1048576K
}
Event: 5.556 GC heap before
{Heap before GC invocations=21 (full 0):
 garbage-first heap   total 162816K, used 132329K [0x0000000080000000, 0x0000000100000000)
  region size 1024K, 56 young (57344K), 6 survivors (6144K)
 Metaspace       used 87625K, committed 88256K, reserved 1130496K
  class space    used 11866K, committed 12160K, reserved 1048576K
}
Event: 5.562 GC heap after
{Heap after GC invocations=22 (full 0):
 garbage-first heap   total 195584K, used 88740K [0x0000000080000000, 0x0000000100000000)
  region size 1024K, 7 young (7168K), 7 survivors (7168K)
 Metaspace       used 87625K, committed 88256K, reserved 1130496K
  class space    used 11866K, committed 12160K, reserved 1048576K
}

