# JRE version: OpenJDK Runtime Environment (17.0.6) (build 17.0.6+0-b2043.56-9586694)
# Java VM: OpenJDK 64-Bit Server VM (17.0.6+0-b2043.56-9586694, mixed mode, tiered, compressed oops, compressed class ptrs, g1 gc, windows-amd64)
GC Precious Log:
 CPUs: 20 total, 20 available
 Memory: 7906M
 Large Page Support: Disabled
 NUMA Support: Disabled
 Compressed Oops: Enabled (32-bit)
 Heap Region Size: 1M
 Heap Min Capacity: 8M
 Heap Initial Capacity: 124M
 Heap Max Capacity: 2G
 Pre-touch: Disabled
 Parallel Workers: 15
 Concurrent Workers: 4
 Concurrent Refinement Workers: 15
 Periodic GC: Disabled
Heap:
 garbage-first heap   total 126976K, used 59727K [0x0000000080000000, 0x0000000100000000)
  region size 1024K, 4 young (4096K), 4 survivors (4096K)
 Metaspace       used 62954K, committed 63488K, reserved 1105920K
  class space    used 8292K, committed 8512K, reserved 1048576K
GC Heap History (20 events):
Event: 1.802 GC heap after
{Heap after GC invocations=9 (full 0):
 garbage-first heap   total 86016K, used 29081K [0x0000000080000000, 0x0000000100000000)
  region size 1024K, 4 young (4096K), 4 survivors (4096K)
 Metaspace       used 40572K, committed 40896K, reserved 1089536K
  class space    used 5360K, committed 5504K, reserved 1048576K
}
Event: 2.089 GC heap before
{Heap before GC invocations=9 (full 0):
 garbage-first heap   total 86016K, used 66969K [0x0000000080000000, 0x0000000100000000)
  region size 1024K, 38 young (38912K), 4 survivors (4096K)
 Metaspace       used 43572K, committed 43968K, reserved 1089536K
  class space    used 5695K, committed 5824K, reserved 1048576K
}
Event: 2.092 GC heap after
{Heap after GC invocations=10 (full 0):
 garbage-first heap   total 86016K, used 33037K [0x0000000080000000, 0x0000000100000000)
  region size 1024K, 5 young (5120K), 5 survivors (5120K)
 Metaspace       used 43572K, committed 43968K, reserved 1089536K
  class space    used 5695K, committed 5824K, reserved 1048576K
}
Event: 2.298 GC heap before
{Heap before GC invocations=10 (full 0):
 garbage-first heap   total 86016K, used 64781K [0x0000000080000000, 0x0000000100000000)
  region size 1024K, 36 young (36864K), 5 survivors (5120K)
 Metaspace       used 48167K, committed 48576K, reserved 1097728K
  class space    used 6324K, committed 6528K, reserved 1048576K
}
Event: 2.301 GC heap after
{Heap after GC invocations=11 (full 0):
 garbage-first heap   total 86016K, used 35366K [0x0000000080000000, 0x0000000100000000)
  region size 1024K, 3 young (3072K), 3 survivors (3072K)
 Metaspace       used 48167K, committed 48576K, reserved 1097728K
  class space    used 6324K, committed 6528K, reserved 1048576K
}
Event: 2.548 GC heap before
{Heap before GC invocations=11 (full 0):
 garbage-first heap   total 86016K, used 65062K [0x0000000080000000, 0x0000000100000000)
  region size 1024K, 32 young (32768K), 3 survivors (3072K)
 Metaspace       used 51288K, committed 51776K, reserved 1097728K
  class space    used 6762K, committed 6976K, reserved 1048576K
}
Event: 2.551 GC heap after
{Heap after GC invocations=12 (full 0):
 garbage-first heap   total 86016K, used 37812K [0x0000000080000000, 0x0000000100000000)
  region size 1024K, 4 young (4096K), 4 survivors (4096K)
 Metaspace       used 51288K, committed 51776K, reserved 1097728K
  class space    used 6762K, committed 6976K, reserved 1048576K
}
Event: 2.708 GC heap before
{Heap before GC invocations=12 (full 0):
 garbage-first heap   total 86016K, used 68532K [0x0000000080000000, 0x0000000100000000)
  region size 1024K, 33 young (33792K), 4 survivors (4096K)
 Metaspace       used 52242K, committed 52672K, reserved 1097728K
  class space    used 6865K, committed 7040K, reserved 1048576K
}
Event: 2.710 GC heap after
{Heap after GC invocations=13 (full 0):
 garbage-first heap   total 86016K, used 43678K [0x0000000080000000, 0x0000000100000000)
  region size 1024K, 5 young (5120K), 5 survivors (5120K)
 Metaspace       used 52242K, committed 52672K, reserved 1097728K
  class space    used 6865K, committed 7040K, reserved 1048576K
}
Event: 2.711 GC heap before
{Heap before GC invocations=13 (full 0):
 garbage-first heap   total 86016K, used 43678K [0x0000000080000000, 0x0000000100000000)
  region size 1024K, 6 young (6144K), 5 survivors (5120K)
 Metaspace       used 52242K, committed 52672K, reserved 1097728K
  class space    used 6865K, committed 7040K, reserved 1048576K
}
Event: 2.712 GC heap after
{Heap after GC invocations=14 (full 0):
 garbage-first heap   total 103424K, used 44854K [0x0000000080000000, 0x0000000100000000)
  region size 1024K, 1 young (1024K), 1 survivors (1024K)
 Metaspace       used 52242K, committed 52672K, reserved 1097728K
  class space    used 6865K, committed 7040K, reserved 1048576K
}
Event: 2.727 GC heap before
{Heap before GC invocations=14 (full 0):
 garbage-first heap   total 103424K, used 48950K [0x0000000080000000, 0x0000000100000000)
  region size 1024K, 5 young (5120K), 1 survivors (1024K)
 Metaspace       used 52372K, committed 52864K, reserved 1097728K
  class space    used 6878K, committed 7104K, reserved 1048576K
}
Event: 2.729 GC heap after
{Heap after GC invocations=15 (full 0):
 garbage-first heap   total 103424K, used 48137K [0x0000000080000000, 0x0000000100000000)
  region size 1024K, 2 young (2048K), 2 survivors (2048K)
 Metaspace       used 52372K, committed 52864K, reserved 1097728K
  class space    used 6878K, committed 7104K, reserved 1048576K
}
Event: 2.919 GC heap before
{Heap before GC invocations=16 (full 0):
 garbage-first heap   total 103424K, used 81929K [0x0000000080000000, 0x0000000100000000)
  region size 1024K, 31 young (31744K), 2 survivors (2048K)
 Metaspace       used 55872K, committed 56320K, reserved 1105920K
  class space    used 7380K, committed 7616K, reserved 1048576K
}
Event: 2.921 GC heap after
{Heap after GC invocations=17 (full 0):
 garbage-first heap   total 103424K, used 55953K [0x0000000080000000, 0x0000000100000000)
  region size 1024K, 4 young (4096K), 4 survivors (4096K)
 Metaspace       used 55872K, committed 56320K, reserved 1105920K
  class space    used 7380K, committed 7616K, reserved 1048576K
}
Event: 2.926 GC heap before
{Heap before GC invocations=17 (full 0):
 garbage-first heap   total 103424K, used 56977K [0x0000000080000000, 0x0000000100000000)
  region size 1024K, 5 young (5120K), 4 survivors (4096K)
 Metaspace       used 55966K, committed 56448K, reserved 1105920K
  class space    used 7393K, committed 7616K, reserved 1048576K
}
Event: 2.928 GC heap after
{Heap after GC invocations=18 (full 0):
 garbage-first heap   total 103424K, used 55525K [0x0000000080000000, 0x0000000100000000)
  region size 1024K, 1 young (1024K), 1 survivors (1024K)
 Metaspace       used 55966K, committed 56448K, reserved 1105920K
  class space    used 7393K, committed 7616K, reserved 1048576K
}
Event: 3.161 GC heap before
{Heap before GC invocations=18 (full 0):
 garbage-first heap   total 103424K, used 79077K [0x0000000080000000, 0x0000000100000000)
  region size 1024K, 25 young (25600K), 1 survivors (1024K)
 Metaspace       used 60676K, committed 61120K, reserved 1105920K
  class space    used 7997K, committed 8192K, reserved 1048576K
}
Event: 3.163 GC heap after
{Heap after GC invocations=19 (full 0):
 garbage-first heap   total 103424K, used 56566K [0x0000000080000000, 0x0000000100000000)
  region size 1024K, 2 young (2048K), 2 survivors (2048K)
 Metaspace       used 60676K, committed 61120K, reserved 1105920K
  class space    used 7997K, committed 8192K, reserved 1048576K
}
Event: 3.276 GC heap before
{Heap before GC invocations=20 (full 0):
 garbage-first heap   total 103424K, used 86262K [0x0000000080000000, 0x0000000100000000)
  region size 1024K, 26 young (26624K), 2 survivors (2048K)
 Metaspace       used 62954K, committed 63488K, reserved 1105920K
  class space    used 8292K, committed 8512K, reserved 1048576K
}

