# JRE version: OpenJDK Runtime Environment (17.0.6) (build 17.0.6+0-b2043.56-9586694)
# Java VM: OpenJDK 64-Bit Server VM (17.0.6+0-b2043.56-9586694, mixed mode, tiered, compressed oops, compressed class ptrs, g1 gc, windows-amd64)
GC Precious Log:
 CPUs: 20 total, 20 available
 Memory: 7906M
 Large Page Support: Disabled
 NUMA Support: Disabled
 Compressed Oops: Enabled (32-bit)
 Heap Region Size: 1M
 Heap Min Capacity: 8M
 Heap Initial Capacity: 124M
 Heap Max Capacity: 2G
 Pre-touch: Disabled
 Parallel Workers: 15
 Concurrent Workers: 4
 Concurrent Refinement Workers: 15
 Periodic GC: Disabled
Heap:
 garbage-first heap   total 138240K, used 71878K [0x0000000080000000, 0x0000000100000000)
  region size 1024K, 1 young (1024K), 1 survivors (1024K)
 Metaspace       used 77680K, committed 78272K, reserved 1122304K
  class space    used 10473K, committed 10752K, reserved 1048576K
GC Heap History (20 events):
Event: 2.721 GC heap after
{Heap after GC invocations=13 (full 0):
 garbage-first heap   total 107520K, used 36866K [0x0000000080000000, 0x0000000100000000)
  region size 1024K, 5 young (5120K), 5 survivors (5120K)
 Metaspace       used 52092K, committed 52544K, reserved 1097728K
  class space    used 6840K, committed 7040K, reserved 1048576K
}
Event: 2.986 GC heap before
{Heap before GC invocations=13 (full 0):
 garbage-first heap   total 107520K, used 89090K [0x0000000080000000, 0x0000000100000000)
  region size 1024K, 48 young (49152K), 5 survivors (5120K)
 Metaspace       used 57278K, committed 57792K, reserved 1105920K
  class space    used 7512K, committed 7744K, reserved 1048576K
}
Event: 2.990 GC heap after
{Heap after GC invocations=14 (full 0):
 garbage-first heap   total 107520K, used 53416K [0x0000000080000000, 0x0000000100000000)
  region size 1024K, 6 young (6144K), 6 survivors (6144K)
 Metaspace       used 57278K, committed 57792K, reserved 1105920K
  class space    used 7512K, committed 7744K, reserved 1048576K
}
Event: 3.140 GC heap before
{Heap before GC invocations=14 (full 0):
 garbage-first heap   total 107520K, used 69800K [0x0000000080000000, 0x0000000100000000)
  region size 1024K, 23 young (23552K), 6 survivors (6144K)
 Metaspace       used 59707K, committed 60160K, reserved 1105920K
  class space    used 7875K, committed 8064K, reserved 1048576K
}
Event: 3.143 GC heap after
{Heap after GC invocations=15 (full 0):
 garbage-first heap   total 107520K, used 54240K [0x0000000080000000, 0x0000000100000000)
  region size 1024K, 1 young (1024K), 1 survivors (1024K)
 Metaspace       used 59707K, committed 60160K, reserved 1105920K
  class space    used 7875K, committed 8064K, reserved 1048576K
}
Event: 3.273 GC heap before
{Heap before GC invocations=16 (full 0):
 garbage-first heap   total 107520K, used 67552K [0x0000000080000000, 0x0000000100000000)
  region size 1024K, 15 young (15360K), 1 survivors (1024K)
 Metaspace       used 62884K, committed 63424K, reserved 1105920K
  class space    used 8290K, committed 8512K, reserved 1048576K
}
Event: 3.275 GC heap after
{Heap after GC invocations=17 (full 0):
 garbage-first heap   total 107520K, used 55947K [0x0000000080000000, 0x0000000100000000)
  region size 1024K, 3 young (3072K), 3 survivors (3072K)
 Metaspace       used 62884K, committed 63424K, reserved 1105920K
  class space    used 8290K, committed 8512K, reserved 1048576K
}
Event: 3.294 GC heap before
{Heap before GC invocations=18 (full 0):
 garbage-first heap   total 114688K, used 67211K [0x0000000080000000, 0x0000000100000000)
  region size 1024K, 12 young (12288K), 3 survivors (3072K)
 Metaspace       used 62888K, committed 63424K, reserved 1105920K
  class space    used 8290K, committed 8512K, reserved 1048576K
}
Event: 3.296 GC heap after
{Heap after GC invocations=19 (full 0):
 garbage-first heap   total 138240K, used 61847K [0x0000000080000000, 0x0000000100000000)
  region size 1024K, 4 young (4096K), 4 survivors (4096K)
 Metaspace       used 62888K, committed 63424K, reserved 1105920K
  class space    used 8290K, committed 8512K, reserved 1048576K
}
Event: 3.473 GC heap before
{Heap before GC invocations=19 (full 0):
 garbage-first heap   total 138240K, used 97687K [0x0000000080000000, 0x0000000100000000)
  region size 1024K, 37 young (37888K), 4 survivors (4096K)
 Metaspace       used 65717K, committed 66368K, reserved 1114112K
  class space    used 8636K, committed 8960K, reserved 1048576K
}
Event: 3.476 GC heap after
{Heap after GC invocations=20 (full 0):
 garbage-first heap   total 138240K, used 60796K [0x0000000080000000, 0x0000000100000000)
  region size 1024K, 4 young (4096K), 4 survivors (4096K)
 Metaspace       used 65717K, committed 66368K, reserved 1114112K
  class space    used 8636K, committed 8960K, reserved 1048576K
}
Event: 3.717 GC heap before
{Heap before GC invocations=20 (full 0):
 garbage-first heap   total 138240K, used 97660K [0x0000000080000000, 0x0000000100000000)
  region size 1024K, 39 young (39936K), 4 survivors (4096K)
 Metaspace       used 69837K, committed 70400K, reserved 1114112K
  class space    used 9186K, committed 9472K, reserved 1048576K
}
Event: 3.720 GC heap after
{Heap after GC invocations=21 (full 0):
 garbage-first heap   total 138240K, used 62516K [0x0000000080000000, 0x0000000100000000)
  region size 1024K, 2 young (2048K), 2 survivors (2048K)
 Metaspace       used 69837K, committed 70400K, reserved 1114112K
  class space    used 9186K, committed 9472K, reserved 1048576K
}
Event: 3.864 GC heap before
{Heap before GC invocations=21 (full 0):
 garbage-first heap   total 138240K, used 100404K [0x0000000080000000, 0x0000000100000000)
  region size 1024K, 39 young (39936K), 2 survivors (2048K)
 Metaspace       used 71087K, committed 71680K, reserved 1114112K
  class space    used 9350K, committed 9600K, reserved 1048576K
}
Event: 3.868 GC heap after
{Heap after GC invocations=22 (full 0):
 garbage-first heap   total 138240K, used 65977K [0x0000000080000000, 0x0000000100000000)
  region size 1024K, 5 young (5120K), 5 survivors (5120K)
 Metaspace       used 71087K, committed 71680K, reserved 1114112K
  class space    used 9350K, committed 9600K, reserved 1048576K
}
Event: 4.110 GC heap before
{Heap before GC invocations=22 (full 0):
 garbage-first heap   total 138240K, used 103865K [0x0000000080000000, 0x0000000100000000)
  region size 1024K, 42 young (43008K), 5 survivors (5120K)
 Metaspace       used 73936K, committed 74560K, reserved 1114112K
  class space    used 9837K, committed 10112K, reserved 1048576K
}
Event: 4.114 GC heap after
{Heap after GC invocations=23 (full 0):
 garbage-first heap   total 138240K, used 69044K [0x0000000080000000, 0x0000000100000000)
  region size 1024K, 3 young (3072K), 3 survivors (3072K)
 Metaspace       used 73936K, committed 74560K, reserved 1114112K
  class space    used 9837K, committed 10112K, reserved 1048576K
}
Event: 4.405 GC heap before
{Heap before GC invocations=24 (full 0):
 garbage-first heap   total 138240K, used 105908K [0x0000000080000000, 0x0000000100000000)
  region size 1024K, 39 young (39936K), 3 survivors (3072K)
 Metaspace       used 77674K, committed 78272K, reserved 1122304K
  class space    used 10473K, committed 10752K, reserved 1048576K
}
Event: 4.407 GC heap after
{Heap after GC invocations=25 (full 0):
 garbage-first heap   total 138240K, used 71528K [0x0000000080000000, 0x0000000100000000)
  region size 1024K, 5 young (5120K), 5 survivors (5120K)
 Metaspace       used 77674K, committed 78272K, reserved 1122304K
  class space    used 10473K, committed 10752K, reserved 1048576K
}
Event: 4.410 GC heap before
{Heap before GC invocations=25 (full 0):
 garbage-first heap   total 138240K, used 72552K [0x0000000080000000, 0x0000000100000000)
  region size 1024K, 6 young (6144K), 5 survivors (5120K)
 Metaspace       used 77680K, committed 78272K, reserved 1122304K
  class space    used 10473K, committed 10752K, reserved 1048576K
}

