# JRE version: OpenJDK Runtime Environment (17.0.6) (build 17.0.6+0-b2043.56-9586694)
# Java VM: OpenJDK 64-Bit Server VM (17.0.6+0-b2043.56-9586694, mixed mode, tiered, compressed oops, compressed class ptrs, g1 gc, windows-amd64)
GC Precious Log:
 CPUs: 20 total, 20 available
 Memory: 7906M
 Large Page Support: Disabled
 NUMA Support: Disabled
 Compressed Oops: Enabled (32-bit)
 Heap Region Size: 1M
 Heap Min Capacity: 8M
 Heap Initial Capacity: 124M
 Heap Max Capacity: 2G
 Pre-touch: Disabled
 Parallel Workers: 15
 Concurrent Workers: 4
 Concurrent Refinement Workers: 15
 Periodic GC: Disabled
Heap:
 garbage-first heap   total 174080K, used 131167K [0x0000000080000000, 0x0000000100000000)
  region size 1024K, 56 young (57344K), 1 survivors (1024K)
 Metaspace       used 86623K, committed 87232K, reserved 1130496K
  class space    used 11751K, committed 12032K, reserved 1048576K
GC Heap History (20 events):
Event: 3.780 GC heap before
{Heap before GC invocations=14 (full 0):
 garbage-first heap   total 119808K, used 71186K [0x0000000080000000, 0x0000000100000000)
  region size 1024K, 27 young (27648K), 8 survivors (8192K)
 Metaspace       used 59691K, committed 60160K, reserved 1105920K
  class space    used 7863K, committed 8064K, reserved 1048576K
}
Event: 3.783 GC heap after
{Heap after GC invocations=15 (full 0):
 garbage-first heap   total 119808K, used 54363K [0x0000000080000000, 0x0000000100000000)
  region size 1024K, 1 young (1024K), 1 survivors (1024K)
 Metaspace       used 59691K, committed 60160K, reserved 1105920K
  class space    used 7863K, committed 8064K, reserved 1048576K
}
Event: 3.933 GC heap before
{Heap before GC invocations=16 (full 0):
 garbage-first heap   total 119808K, used 67675K [0x0000000080000000, 0x0000000100000000)
  region size 1024K, 15 young (15360K), 1 survivors (1024K)
 Metaspace       used 62940K, committed 63424K, reserved 1105920K
  class space    used 8290K, committed 8512K, reserved 1048576K
}
Event: 3.935 GC heap after
{Heap after GC invocations=17 (full 0):
 garbage-first heap   total 119808K, used 56016K [0x0000000080000000, 0x0000000100000000)
  region size 1024K, 3 young (3072K), 3 survivors (3072K)
 Metaspace       used 62940K, committed 63424K, reserved 1105920K
  class space    used 8290K, committed 8512K, reserved 1048576K
}
Event: 3.954 GC heap before
{Heap before GC invocations=18 (full 0):
 garbage-first heap   total 119808K, used 68304K [0x0000000080000000, 0x0000000100000000)
  region size 1024K, 12 young (12288K), 3 survivors (3072K)
 Metaspace       used 62944K, committed 63424K, reserved 1105920K
  class space    used 8290K, committed 8512K, reserved 1048576K
}
Event: 3.956 GC heap after
{Heap after GC invocations=19 (full 0):
 garbage-first heap   total 119808K, used 61888K [0x0000000080000000, 0x0000000100000000)
  region size 1024K, 5 young (5120K), 5 survivors (5120K)
 Metaspace       used 62944K, committed 63424K, reserved 1105920K
  class space    used 8290K, committed 8512K, reserved 1048576K
}
Event: 4.139 GC heap before
{Heap before GC invocations=20 (full 0):
 garbage-first heap   total 119808K, used 89536K [0x0000000080000000, 0x0000000100000000)
  region size 1024K, 30 young (30720K), 5 survivors (5120K)
 Metaspace       used 65480K, committed 66048K, reserved 1114112K
  class space    used 8606K, committed 8896K, reserved 1048576K
}
Event: 4.141 GC heap after
{Heap after GC invocations=21 (full 0):
 garbage-first heap   total 144384K, used 59347K [0x0000000080000000, 0x0000000100000000)
  region size 1024K, 3 young (3072K), 3 survivors (3072K)
 Metaspace       used 65480K, committed 66048K, reserved 1114112K
  class space    used 8606K, committed 8896K, reserved 1048576K
}
Event: 4.434 GC heap before
{Heap before GC invocations=21 (full 0):
 garbage-first heap   total 144384K, used 100307K [0x0000000080000000, 0x0000000100000000)
  region size 1024K, 43 young (44032K), 3 survivors (3072K)
 Metaspace       used 69548K, committed 70080K, reserved 1114112K
  class space    used 9140K, committed 9408K, reserved 1048576K
}
Event: 4.437 GC heap after
{Heap after GC invocations=22 (full 0):
 garbage-first heap   total 144384K, used 61957K [0x0000000080000000, 0x0000000100000000)
  region size 1024K, 5 young (5120K), 5 survivors (5120K)
 Metaspace       used 69548K, committed 70080K, reserved 1114112K
  class space    used 9140K, committed 9408K, reserved 1048576K
}
Event: 4.603 GC heap before
{Heap before GC invocations=22 (full 0):
 garbage-first heap   total 144384K, used 103941K [0x0000000080000000, 0x0000000100000000)
  region size 1024K, 46 young (47104K), 5 survivors (5120K)
 Metaspace       used 71155K, committed 71680K, reserved 1114112K
  class space    used 9355K, committed 9600K, reserved 1048576K
}
Event: 4.608 GC heap after
{Heap after GC invocations=23 (full 0):
 garbage-first heap   total 144384K, used 65433K [0x0000000080000000, 0x0000000100000000)
  region size 1024K, 6 young (6144K), 6 survivors (6144K)
 Metaspace       used 71155K, committed 71680K, reserved 1114112K
  class space    used 9355K, committed 9600K, reserved 1048576K
}
Event: 4.889 GC heap before
{Heap before GC invocations=23 (full 0):
 garbage-first heap   total 144384K, used 107417K [0x0000000080000000, 0x0000000100000000)
  region size 1024K, 47 young (48128K), 6 survivors (6144K)
 Metaspace       used 74879K, committed 75456K, reserved 1114112K
  class space    used 10053K, committed 10304K, reserved 1048576K
}
Event: 4.893 GC heap after
{Heap after GC invocations=24 (full 0):
 garbage-first heap   total 144384K, used 68464K [0x0000000080000000, 0x0000000100000000)
  region size 1024K, 3 young (3072K), 3 survivors (3072K)
 Metaspace       used 74879K, committed 75456K, reserved 1114112K
  class space    used 10053K, committed 10304K, reserved 1048576K
}
Event: 5.144 GC heap before
{Heap before GC invocations=24 (full 0):
 garbage-first heap   total 144384K, used 110448K [0x0000000080000000, 0x0000000100000000)
  region size 1024K, 44 young (45056K), 3 survivors (3072K)
 Metaspace       used 77887K, committed 78464K, reserved 1122304K
  class space    used 10501K, committed 10752K, reserved 1048576K
}
Event: 5.148 GC heap after
{Heap after GC invocations=25 (full 0):
 garbage-first heap   total 144384K, used 71667K [0x0000000080000000, 0x0000000100000000)
  region size 1024K, 6 young (6144K), 6 survivors (6144K)
 Metaspace       used 77887K, committed 78464K, reserved 1122304K
  class space    used 10501K, committed 10752K, reserved 1048576K
}
Event: 5.414 GC heap before
{Heap before GC invocations=26 (full 0):
 garbage-first heap   total 144384K, used 112627K [0x0000000080000000, 0x0000000100000000)
  region size 1024K, 46 young (47104K), 6 survivors (6144K)
 Metaspace       used 80293K, committed 80896K, reserved 1122304K
  class space    used 10847K, committed 11136K, reserved 1048576K
}
Event: 5.417 GC heap after
{Heap after GC invocations=27 (full 0):
 garbage-first heap   total 174080K, used 75547K [0x0000000080000000, 0x0000000100000000)
  region size 1024K, 4 young (4096K), 4 survivors (4096K)
 Metaspace       used 80293K, committed 80896K, reserved 1122304K
  class space    used 10847K, committed 11136K, reserved 1048576K
}
Event: 5.448 GC heap before
{Heap before GC invocations=27 (full 0):
 garbage-first heap   total 174080K, used 79643K [0x0000000080000000, 0x0000000100000000)
  region size 1024K, 8 young (8192K), 4 survivors (4096K)
 Metaspace       used 80599K, committed 81280K, reserved 1122304K
  class space    used 10894K, committed 11200K, reserved 1048576K
}
Event: 5.451 GC heap after
{Heap after GC invocations=28 (full 0):
 garbage-first heap   total 174080K, used 75871K [0x0000000080000000, 0x0000000100000000)
  region size 1024K, 1 young (1024K), 1 survivors (1024K)
 Metaspace       used 80599K, committed 81280K, reserved 1122304K
  class space    used 10894K, committed 11200K, reserved 1048576K
}

