# JRE version: OpenJDK Runtime Environment (17.0.6) (build 17.0.6+0-b2043.56-9586694)
# Java VM: OpenJDK 64-Bit Server VM (17.0.6+0-b2043.56-9586694, mixed mode, tiered, compressed oops, compressed class ptrs, g1 gc, windows-amd64)
GC Precious Log:
 CPUs: 20 total, 20 available
 Memory: 7906M
 Large Page Support: Disabled
 NUMA Support: Disabled
 Compressed Oops: Enabled (32-bit)
 Heap Region Size: 1M
 Heap Min Capacity: 8M
 Heap Initial Capacity: 124M
 Heap Max Capacity: 2G
 Pre-touch: Disabled
 Parallel Workers: 15
 Concurrent Workers: 4
 Concurrent Refinement Workers: 15
 Periodic GC: Disabled
Heap:
 garbage-first heap   total 157696K, used 72624K [0x0000000080000000, 0x0000000100000000)
  region size 1024K, 14 young (14336K), 5 survivors (5120K)
 Metaspace       used 71141K, committed 71744K, reserved 1114112K
  class space    used 9345K, committed 9600K, reserved 1048576K
GC Heap History (20 events):
Event: 1.457 GC heap before
{Heap before GC invocations=6 (full 0):
 garbage-first heap   total 78848K, used 54545K [0x0000000080000000, 0x0000000100000000)
  region size 1024K, 35 young (35840K), 1 survivors (1024K)
 Metaspace       used 32062K, committed 32320K, reserved 1081344K
  class space    used 4365K, committed 4480K, reserved 1048576K
}
Event: 1.458 GC heap after
{Heap after GC invocations=7 (full 0):
 garbage-first heap   total 78848K, used 22347K [0x0000000080000000, 0x0000000100000000)
  region size 1024K, 2 young (2048K), 2 survivors (2048K)
 Metaspace       used 32062K, committed 32320K, reserved 1081344K
  class space    used 4365K, committed 4480K, reserved 1048576K
}
Event: 1.631 GC heap before
{Heap before GC invocations=7 (full 0):
 garbage-first heap   total 78848K, used 40779K [0x0000000080000000, 0x0000000100000000)
  region size 1024K, 21 young (21504K), 2 survivors (2048K)
 Metaspace       used 35599K, committed 35968K, reserved 1081344K
  class space    used 4874K, committed 5056K, reserved 1048576K
}
Event: 1.633 GC heap after
{Heap after GC invocations=8 (full 0):
 garbage-first heap   total 78848K, used 24347K [0x0000000080000000, 0x0000000100000000)
  region size 1024K, 4 young (4096K), 4 survivors (4096K)
 Metaspace       used 35599K, committed 35968K, reserved 1081344K
  class space    used 4874K, committed 5056K, reserved 1048576K
}
Event: 1.858 GC heap before
{Heap before GC invocations=9 (full 0):
 garbage-first heap   total 78848K, used 58139K [0x0000000080000000, 0x0000000100000000)
  region size 1024K, 38 young (38912K), 4 survivors (4096K)
 Metaspace       used 40903K, committed 41280K, reserved 1089536K
  class space    used 5409K, committed 5568K, reserved 1048576K
}
Event: 1.861 GC heap after
{Heap after GC invocations=10 (full 0):
 garbage-first heap   total 78848K, used 28122K [0x0000000080000000, 0x0000000100000000)
  region size 1024K, 5 young (5120K), 5 survivors (5120K)
 Metaspace       used 40903K, committed 41280K, reserved 1089536K
  class space    used 5409K, committed 5568K, reserved 1048576K
}
Event: 1.867 GC heap before
{Heap before GC invocations=10 (full 0):
 garbage-first heap   total 78848K, used 29146K [0x0000000080000000, 0x0000000100000000)
  region size 1024K, 6 young (6144K), 5 survivors (5120K)
 Metaspace       used 40997K, committed 41408K, reserved 1089536K
  class space    used 5418K, committed 5568K, reserved 1048576K
}
Event: 1.869 GC heap after
{Heap after GC invocations=11 (full 0):
 garbage-first heap   total 78848K, used 28943K [0x0000000080000000, 0x0000000100000000)
  region size 1024K, 1 young (1024K), 1 survivors (1024K)
 Metaspace       used 40997K, committed 41408K, reserved 1089536K
  class space    used 5418K, committed 5568K, reserved 1048576K
}
Event: 2.097 GC heap before
{Heap before GC invocations=11 (full 0):
 garbage-first heap   total 78848K, used 62735K [0x0000000080000000, 0x0000000100000000)
  region size 1024K, 31 young (31744K), 1 survivors (1024K)
 Metaspace       used 44079K, committed 44480K, reserved 1089536K
  class space    used 5780K, committed 5952K, reserved 1048576K
}
Event: 2.099 GC heap after
{Heap after GC invocations=12 (full 0):
 garbage-first heap   total 157696K, used 31282K [0x0000000080000000, 0x0000000100000000)
  region size 1024K, 4 young (4096K), 4 survivors (4096K)
 Metaspace       used 44079K, committed 44480K, reserved 1089536K
  class space    used 5780K, committed 5952K, reserved 1048576K
}
Event: 2.591 GC heap before
{Heap before GC invocations=12 (full 0):
 garbage-first heap   total 157696K, used 102962K [0x0000000080000000, 0x0000000100000000)
  region size 1024K, 73 young (74752K), 4 survivors (4096K)
 Metaspace       used 51749K, committed 52224K, reserved 1097728K
  class space    used 6810K, committed 7040K, reserved 1048576K
}
Event: 2.594 GC heap after
{Heap after GC invocations=13 (full 0):
 garbage-first heap   total 157696K, used 36143K [0x0000000080000000, 0x0000000100000000)
  region size 1024K, 8 young (8192K), 8 survivors (8192K)
 Metaspace       used 51749K, committed 52224K, reserved 1097728K
  class space    used 6810K, committed 7040K, reserved 1048576K
}
Event: 3.080 GC heap before
{Heap before GC invocations=13 (full 0):
 garbage-first heap   total 157696K, used 124207K [0x0000000080000000, 0x0000000100000000)
  region size 1024K, 86 young (88064K), 8 survivors (8192K)
 Metaspace       used 59183K, committed 59712K, reserved 1105920K
  class space    used 7773K, committed 8000K, reserved 1048576K
}
Event: 3.084 GC heap after
{Heap after GC invocations=14 (full 0):
 garbage-first heap   total 157696K, used 52539K [0x0000000080000000, 0x0000000100000000)
  region size 1024K, 11 young (11264K), 11 survivors (11264K)
 Metaspace       used 59183K, committed 59712K, reserved 1105920K
  class space    used 7773K, committed 8000K, reserved 1048576K
}
Event: 3.125 GC heap before
{Heap before GC invocations=14 (full 0):
 garbage-first heap   total 157696K, used 56635K [0x0000000080000000, 0x0000000100000000)
  region size 1024K, 16 young (16384K), 11 survivors (11264K)
 Metaspace       used 59820K, committed 60288K, reserved 1105920K
  class space    used 7878K, committed 8064K, reserved 1048576K
}
Event: 3.128 GC heap after
{Heap after GC invocations=15 (full 0):
 garbage-first heap   total 157696K, used 53962K [0x0000000080000000, 0x0000000100000000)
  region size 1024K, 2 young (2048K), 2 survivors (2048K)
 Metaspace       used 59820K, committed 60288K, reserved 1105920K
  class space    used 7878K, committed 8064K, reserved 1048576K
}
Event: 3.519 GC heap before
{Heap before GC invocations=16 (full 0):
 garbage-first heap   total 157696K, used 127690K [0x0000000080000000, 0x0000000100000000)
  region size 1024K, 68 young (69632K), 2 survivors (2048K)
 Metaspace       used 67042K, committed 67648K, reserved 1114112K
  class space    used 8788K, committed 9088K, reserved 1048576K
}
Event: 3.522 GC heap after
{Heap after GC invocations=17 (full 0):
 garbage-first heap   total 157696K, used 59664K [0x0000000080000000, 0x0000000100000000)
  region size 1024K, 7 young (7168K), 7 survivors (7168K)
 Metaspace       used 67042K, committed 67648K, reserved 1114112K
  class space    used 8788K, committed 9088K, reserved 1048576K
}
Event: 3.822 GC heap before
{Heap before GC invocations=17 (full 0):
 garbage-first heap   total 157696K, used 123152K [0x0000000080000000, 0x0000000100000000)
  region size 1024K, 68 young (69632K), 7 survivors (7168K)
 Metaspace       used 71120K, committed 71680K, reserved 1114112K
  class space    used 9342K, committed 9600K, reserved 1048576K
}
Event: 3.827 GC heap after
{Heap after GC invocations=18 (full 0):
 garbage-first heap   total 157696K, used 64432K [0x0000000080000000, 0x0000000100000000)
  region size 1024K, 5 young (5120K), 5 survivors (5120K)
 Metaspace       used 71120K, committed 71680K, reserved 1114112K
  class space    used 9342K, committed 9600K, reserved 1048576K
}

