# JRE version: OpenJDK Runtime Environment (17.0.6) (build 17.0.6+0-b2043.56-9586694)
# Java VM: OpenJDK 64-Bit Server VM (17.0.6+0-b2043.56-9586694, mixed mode, tiered, compressed oops, compressed class ptrs, g1 gc, windows-amd64)
GC Precious Log:
 CPUs: 20 total, 20 available
 Memory: 7906M
 Large Page Support: Disabled
 NUMA Support: Disabled
 Compressed Oops: Enabled (32-bit)
 Heap Region Size: 1M
 Heap Min Capacity: 8M
 Heap Initial Capacity: 124M
 Heap Max Capacity: 2G
 Pre-touch: Disabled
 Parallel Workers: 15
 Concurrent Workers: 4
 Concurrent Refinement Workers: 15
 Periodic GC: Disabled
Heap:
 garbage-first heap   total 100352K, used 68208K [0x0000000080000000, 0x0000000100000000)
  region size 1024K, 22 young (22528K), 6 survivors (6144K)
 Metaspace       used 58004K, committed 58432K, reserved 1105920K
  class space    used 7611K, committed 7808K, reserved 1048576K
GC Heap History (20 events):
Event: 1.258 GC heap before
{Heap before GC invocations=4 (full 0):
 garbage-first heap   total 68608K, used 53351K [0x0000000080000000, 0x0000000100000000)
  region size 1024K, 43 young (44032K), 8 survivors (8192K)
 Metaspace       used 26884K, committed 27136K, reserved 1073152K
  class space    used 3546K, committed 3648K, reserved 1048576K
}
Event: 1.262 GC heap after
{Heap after GC invocations=5 (full 0):
 garbage-first heap   total 68608K, used 20834K [0x0000000080000000, 0x0000000100000000)
  region size 1024K, 3 young (3072K), 3 survivors (3072K)
 Metaspace       used 26884K, committed 27136K, reserved 1073152K
  class space    used 3546K, committed 3648K, reserved 1048576K
}
Event: 1.470 GC heap before
{Heap before GC invocations=5 (full 0):
 garbage-first heap   total 68608K, used 46434K [0x0000000080000000, 0x0000000100000000)
  region size 1024K, 28 young (28672K), 3 survivors (3072K)
 Metaspace       used 30786K, committed 31104K, reserved 1081344K
  class space    used 4171K, committed 4288K, reserved 1048576K
}
Event: 1.472 GC heap after
{Heap after GC invocations=6 (full 0):
 garbage-first heap   total 68608K, used 22110K [0x0000000080000000, 0x0000000100000000)
  region size 1024K, 2 young (2048K), 2 survivors (2048K)
 Metaspace       used 30786K, committed 31104K, reserved 1081344K
  class space    used 4171K, committed 4288K, reserved 1048576K
}
Event: 1.683 GC heap before
{Heap before GC invocations=6 (full 0):
 garbage-first heap   total 68608K, used 48734K [0x0000000080000000, 0x0000000100000000)
  region size 1024K, 28 young (28672K), 2 survivors (2048K)
 Metaspace       used 35330K, committed 35712K, reserved 1081344K
  class space    used 4862K, committed 5056K, reserved 1048576K
}
Event: 1.686 GC heap after
{Heap after GC invocations=7 (full 0):
 garbage-first heap   total 68608K, used 23925K [0x0000000080000000, 0x0000000100000000)
  region size 1024K, 4 young (4096K), 4 survivors (4096K)
 Metaspace       used 35330K, committed 35712K, reserved 1081344K
  class space    used 4862K, committed 5056K, reserved 1048576K
}
Event: 1.708 GC heap before
{Heap before GC invocations=7 (full 0):
 garbage-first heap   total 68608K, used 24949K [0x0000000080000000, 0x0000000100000000)
  region size 1024K, 6 young (6144K), 4 survivors (4096K)
 Metaspace       used 35732K, committed 36096K, reserved 1081344K
  class space    used 4879K, committed 5056K, reserved 1048576K
}
Event: 1.710 GC heap after
{Heap after GC invocations=8 (full 0):
 garbage-first heap   total 82944K, used 24409K [0x0000000080000000, 0x0000000100000000)
  region size 1024K, 3 young (3072K), 3 survivors (3072K)
 Metaspace       used 35732K, committed 36096K, reserved 1081344K
  class space    used 4879K, committed 5056K, reserved 1048576K
}
Event: 1.917 GC heap before
{Heap before GC invocations=9 (full 0):
 garbage-first heap   total 82944K, used 53081K [0x0000000080000000, 0x0000000100000000)
  region size 1024K, 32 young (32768K), 3 survivors (3072K)
 Metaspace       used 40595K, committed 40896K, reserved 1089536K
  class space    used 5362K, committed 5504K, reserved 1048576K
}
Event: 1.920 GC heap after
{Heap after GC invocations=10 (full 0):
 garbage-first heap   total 82944K, used 28349K [0x0000000080000000, 0x0000000100000000)
  region size 1024K, 4 young (4096K), 4 survivors (4096K)
 Metaspace       used 40595K, committed 40896K, reserved 1089536K
  class space    used 5362K, committed 5504K, reserved 1048576K
}
Event: 2.085 GC heap before
{Heap before GC invocations=10 (full 0):
 garbage-first heap   total 82944K, used 59069K [0x0000000080000000, 0x0000000100000000)
  region size 1024K, 32 young (32768K), 4 survivors (4096K)
 Metaspace       used 43147K, committed 43584K, reserved 1089536K
  class space    used 5638K, committed 5824K, reserved 1048576K
}
Event: 2.088 GC heap after
{Heap after GC invocations=11 (full 0):
 garbage-first heap   total 82944K, used 31552K [0x0000000080000000, 0x0000000100000000)
  region size 1024K, 4 young (4096K), 4 survivors (4096K)
 Metaspace       used 43147K, committed 43584K, reserved 1089536K
  class space    used 5638K, committed 5824K, reserved 1048576K
}
Event: 2.280 GC heap before
{Heap before GC invocations=11 (full 0):
 garbage-first heap   total 82944K, used 58176K [0x0000000080000000, 0x0000000100000000)
  region size 1024K, 30 young (30720K), 4 survivors (4096K)
 Metaspace       used 47219K, committed 47616K, reserved 1097728K
  class space    used 6164K, committed 6336K, reserved 1048576K
}
Event: 2.282 GC heap after
{Heap after GC invocations=12 (full 0):
 garbage-first heap   total 82944K, used 33466K [0x0000000080000000, 0x0000000100000000)
  region size 1024K, 2 young (2048K), 2 survivors (2048K)
 Metaspace       used 47219K, committed 47616K, reserved 1097728K
  class space    used 6164K, committed 6336K, reserved 1048576K
}
Event: 2.471 GC heap before
{Heap before GC invocations=12 (full 0):
 garbage-first heap   total 82944K, used 59066K [0x0000000080000000, 0x0000000100000000)
  region size 1024K, 28 young (28672K), 2 survivors (2048K)
 Metaspace       used 50476K, committed 50880K, reserved 1097728K
  class space    used 6670K, committed 6848K, reserved 1048576K
}
Event: 2.473 GC heap after
{Heap after GC invocations=13 (full 0):
 garbage-first heap   total 100352K, used 34614K [0x0000000080000000, 0x0000000100000000)
  region size 1024K, 4 young (4096K), 4 survivors (4096K)
 Metaspace       used 50476K, committed 50880K, reserved 1097728K
  class space    used 6670K, committed 6848K, reserved 1048576K
}
Event: 2.691 GC heap before
{Heap before GC invocations=13 (full 0):
 garbage-first heap   total 100352K, used 72502K [0x0000000080000000, 0x0000000100000000)
  region size 1024K, 42 young (43008K), 4 survivors (4096K)
 Metaspace       used 52038K, committed 52480K, reserved 1097728K
  class space    used 6836K, committed 7040K, reserved 1048576K
}
Event: 2.693 GC heap after
{Heap after GC invocations=14 (full 0):
 garbage-first heap   total 100352K, used 37748K [0x0000000080000000, 0x0000000100000000)
  region size 1024K, 5 young (5120K), 5 survivors (5120K)
 Metaspace       used 52038K, committed 52480K, reserved 1097728K
  class space    used 6836K, committed 7040K, reserved 1048576K
}
Event: 3.016 GC heap before
{Heap before GC invocations=14 (full 0):
 garbage-first heap   total 100352K, used 83828K [0x0000000080000000, 0x0000000100000000)
  region size 1024K, 42 young (43008K), 5 survivors (5120K)
 Metaspace       used 55297K, committed 55808K, reserved 1097728K
  class space    used 7284K, committed 7488K, reserved 1048576K
}
Event: 3.019 GC heap after
{Heap after GC invocations=15 (full 0):
 garbage-first heap   total 100352K, used 52848K [0x0000000080000000, 0x0000000100000000)
  region size 1024K, 6 young (6144K), 6 survivors (6144K)
 Metaspace       used 55297K, committed 55808K, reserved 1097728K
  class space    used 7284K, committed 7488K, reserved 1048576K
}

