# JRE version: OpenJDK Runtime Environment (17.0.6) (build 17.0.6+0-b2043.56-9586694)
# Java VM: OpenJDK 64-Bit Server VM (17.0.6+0-b2043.56-9586694, mixed mode, tiered, compressed oops, compressed class ptrs, g1 gc, windows-amd64)
GC Precious Log:
 CPUs: 20 total, 20 available
 Memory: 7906M
 Large Page Support: Disabled
 NUMA Support: Disabled
 Compressed Oops: Enabled (32-bit)
 Heap Region Size: 1M
 Heap Min Capacity: 8M
 Heap Initial Capacity: 124M
 Heap Max Capacity: 2G
 Pre-touch: Disabled
 Parallel Workers: 15
 Concurrent Workers: 4
 Concurrent Refinement Workers: 15
 Periodic GC: Disabled
Heap:
 garbage-first heap   total 132096K, used 71219K [0x0000000080000000, 0x0000000100000000)
  region size 1024K, 16 young (16384K), 3 survivors (3072K)
 Metaspace       used 66870K, committed 67456K, reserved 1114112K
  class space    used 8782K, committed 9024K, reserved 1048576K
GC Heap History (20 events):
Event: 2.244 GC heap before
{Heap before GC invocations=10 (full 0):
 garbage-first heap   total 82944K, used 63209K [0x0000000080000000, 0x0000000100000000)
  region size 1024K, 35 young (35840K), 4 survivors (4096K)
 Metaspace       used 47818K, committed 48256K, reserved 1097728K
  class space    used 6263K, committed 6464K, reserved 1048576K
}
Event: 2.247 GC heap after
{Heap after GC invocations=11 (full 0):
 garbage-first heap   total 82944K, used 32656K [0x0000000080000000, 0x0000000100000000)
  region size 1024K, 3 young (3072K), 3 survivors (3072K)
 Metaspace       used 47818K, committed 48256K, reserved 1097728K
  class space    used 6263K, committed 6464K, reserved 1048576K
}
Event: 2.483 GC heap before
{Heap before GC invocations=11 (full 0):
 garbage-first heap   total 82944K, used 62352K [0x0000000080000000, 0x0000000100000000)
  region size 1024K, 32 young (32768K), 3 survivors (3072K)
 Metaspace       used 51185K, committed 51648K, reserved 1097728K
  class space    used 6754K, committed 6976K, reserved 1048576K
}
Event: 2.486 GC heap after
{Heap after GC invocations=12 (full 0):
 garbage-first heap   total 82944K, used 34610K [0x0000000080000000, 0x0000000100000000)
  region size 1024K, 2 young (2048K), 2 survivors (2048K)
 Metaspace       used 51185K, committed 51648K, reserved 1097728K
  class space    used 6754K, committed 6976K, reserved 1048576K
}
Event: 2.650 GC heap before
{Heap before GC invocations=12 (full 0):
 garbage-first heap   total 82944K, used 63282K [0x0000000080000000, 0x0000000100000000)
  region size 1024K, 31 young (31744K), 2 survivors (2048K)
 Metaspace       used 52151K, committed 52608K, reserved 1097728K
  class space    used 6851K, committed 7040K, reserved 1048576K
}
Event: 2.651 GC heap after
{Heap after GC invocations=13 (full 0):
 garbage-first heap   total 82944K, used 35957K [0x0000000080000000, 0x0000000100000000)
  region size 1024K, 4 young (4096K), 4 survivors (4096K)
 Metaspace       used 52151K, committed 52608K, reserved 1097728K
  class space    used 6851K, committed 7040K, reserved 1048576K
}
Event: 2.681 GC heap before
{Heap before GC invocations=13 (full 0):
 garbage-first heap   total 82944K, used 45173K [0x0000000080000000, 0x0000000100000000)
  region size 1024K, 11 young (11264K), 4 survivors (4096K)
 Metaspace       used 52379K, committed 52864K, reserved 1097728K
  class space    used 6874K, committed 7104K, reserved 1048576K
}
Event: 2.684 GC heap after
{Heap after GC invocations=14 (full 0):
 garbage-first heap   total 82944K, used 44041K [0x0000000080000000, 0x0000000100000000)
  region size 1024K, 4 young (4096K), 4 survivors (4096K)
 Metaspace       used 52379K, committed 52864K, reserved 1097728K
  class space    used 6874K, committed 7104K, reserved 1048576K
}
Event: 2.793 GC heap before
{Heap before GC invocations=15 (full 0):
 garbage-first heap   total 86016K, used 66569K [0x0000000080000000, 0x0000000100000000)
  region size 1024K, 22 young (22528K), 4 survivors (4096K)
 Metaspace       used 54297K, committed 54784K, reserved 1097728K
  class space    used 7147K, committed 7360K, reserved 1048576K
}
Event: 2.795 GC heap after
{Heap after GC invocations=16 (full 0):
 garbage-first heap   total 103424K, used 51731K [0x0000000080000000, 0x0000000100000000)
  region size 1024K, 3 young (3072K), 3 survivors (3072K)
 Metaspace       used 54297K, committed 54784K, reserved 1097728K
  class space    used 7147K, committed 7360K, reserved 1048576K
}
Event: 2.961 GC heap before
{Heap before GC invocations=16 (full 0):
 garbage-first heap   total 103424K, used 74259K [0x0000000080000000, 0x0000000100000000)
  region size 1024K, 25 young (25600K), 3 survivors (3072K)
 Metaspace       used 57890K, committed 58368K, reserved 1105920K
  class space    used 7602K, committed 7808K, reserved 1048576K
}
Event: 2.963 GC heap after
{Heap after GC invocations=17 (full 0):
 garbage-first heap   total 103424K, used 52673K [0x0000000080000000, 0x0000000100000000)
  region size 1024K, 1 young (1024K), 1 survivors (1024K)
 Metaspace       used 57890K, committed 58368K, reserved 1105920K
  class space    used 7602K, committed 7808K, reserved 1048576K
}
Event: 3.196 GC heap before
{Heap before GC invocations=18 (full 0):
 garbage-first heap   total 103424K, used 76225K [0x0000000080000000, 0x0000000100000000)
  region size 1024K, 24 young (24576K), 1 survivors (1024K)
 Metaspace       used 62285K, committed 62848K, reserved 1105920K
  class space    used 8211K, committed 8448K, reserved 1048576K
}
Event: 3.198 GC heap after
{Heap after GC invocations=19 (full 0):
 garbage-first heap   total 103424K, used 54679K [0x0000000080000000, 0x0000000100000000)
  region size 1024K, 3 young (3072K), 3 survivors (3072K)
 Metaspace       used 62285K, committed 62848K, reserved 1105920K
  class space    used 8211K, committed 8448K, reserved 1048576K
}
Event: 3.226 GC heap before
{Heap before GC invocations=19 (full 0):
 garbage-first heap   total 103424K, used 55703K [0x0000000080000000, 0x0000000100000000)
  region size 1024K, 6 young (6144K), 3 survivors (3072K)
 Metaspace       used 62899K, committed 63424K, reserved 1105920K
  class space    used 8286K, committed 8512K, reserved 1048576K
}
Event: 3.229 GC heap after
{Heap after GC invocations=20 (full 0):
 garbage-first heap   total 103424K, used 55189K [0x0000000080000000, 0x0000000100000000)
  region size 1024K, 3 young (3072K), 3 survivors (3072K)
 Metaspace       used 62899K, committed 63424K, reserved 1105920K
  class space    used 8286K, committed 8512K, reserved 1048576K
}
Event: 3.250 GC heap before
{Heap before GC invocations=21 (full 0):
 garbage-first heap   total 109568K, used 67477K [0x0000000080000000, 0x0000000100000000)
  region size 1024K, 12 young (12288K), 3 survivors (3072K)
 Metaspace       used 62902K, committed 63424K, reserved 1105920K
  class space    used 8286K, committed 8512K, reserved 1048576K
}
Event: 3.252 GC heap after
{Heap after GC invocations=22 (full 0):
 garbage-first heap   total 132096K, used 61150K [0x0000000080000000, 0x0000000100000000)
  region size 1024K, 4 young (4096K), 4 survivors (4096K)
 Metaspace       used 62902K, committed 63424K, reserved 1105920K
  class space    used 8286K, committed 8512K, reserved 1048576K
}
Event: 3.432 GC heap before
{Heap before GC invocations=22 (full 0):
 garbage-first heap   total 132096K, used 93918K [0x0000000080000000, 0x0000000100000000)
  region size 1024K, 34 young (34816K), 4 survivors (4096K)
 Metaspace       used 65690K, committed 66240K, reserved 1114112K
  class space    used 8627K, committed 8896K, reserved 1048576K
}
Event: 3.433 GC heap after
{Heap after GC invocations=23 (full 0):
 garbage-first heap   total 132096K, used 58931K [0x0000000080000000, 0x0000000100000000)
  region size 1024K, 3 young (3072K), 3 survivors (3072K)
 Metaspace       used 65690K, committed 66240K, reserved 1114112K
  class space    used 8627K, committed 8896K, reserved 1048576K
}

