# JRE version: OpenJDK Runtime Environment (17.0.6) (build 17.0.6+0-b2043.56-9586694)
# Java VM: OpenJDK 64-Bit Server VM (17.0.6+0-b2043.56-9586694, mixed mode, tiered, compressed oops, compressed class ptrs, g1 gc, windows-amd64)
GC Precious Log:
 CPUs: 20 total, 20 available
 Memory: 7906M
 Large Page Support: Disabled
 NUMA Support: Disabled
 Compressed Oops: Enabled (32-bit)
 Heap Region Size: 1M
 Heap Min Capacity: 8M
 Heap Initial Capacity: 124M
 Heap Max Capacity: 2G
 Pre-touch: Disabled
 Parallel Workers: 15
 Concurrent Workers: 4
 Concurrent Refinement Workers: 15
 Periodic GC: Disabled
Heap:
 garbage-first heap   total 168960K, used 98098K [0x0000000080000000, 0x0000000100000000)
  region size 1024K, 39 young (39936K), 6 survivors (6144K)
 Metaspace       used 74917K, committed 75456K, reserved 1114112K
  class space    used 10048K, committed 10304K, reserved 1048576K
GC Heap History (20 events):
Event: 1.475 GC heap before
{Heap before GC invocations=6 (full 0):
 garbage-first heap   total 68608K, used 47360K [0x0000000080000000, 0x0000000100000000)
  region size 1024K, 27 young (27648K), 1 survivors (1024K)
 Metaspace       used 30866K, committed 31168K, reserved 1081344K
  class space    used 4192K, committed 4288K, reserved 1048576K
}
Event: 1.478 GC heap after
{Heap after GC invocations=7 (full 0):
 garbage-first heap   total 137216K, used 21854K [0x0000000080000000, 0x0000000100000000)
  region size 1024K, 2 young (2048K), 2 survivors (2048K)
 Metaspace       used 30866K, committed 31168K, reserved 1081344K
  class space    used 4192K, committed 4288K, reserved 1048576K
}
Event: 1.737 GC heap before
{Heap before GC invocations=7 (full 0):
 garbage-first heap   total 137216K, used 48478K [0x0000000080000000, 0x0000000100000000)
  region size 1024K, 29 young (29696K), 2 survivors (2048K)
 Metaspace       used 35598K, committed 35968K, reserved 1081344K
  class space    used 4876K, committed 5056K, reserved 1048576K
}
Event: 1.742 GC heap after
{Heap after GC invocations=8 (full 0):
 garbage-first heap   total 137216K, used 24211K [0x0000000080000000, 0x0000000100000000)
  region size 1024K, 4 young (4096K), 4 survivors (4096K)
 Metaspace       used 35598K, committed 35968K, reserved 1081344K
  class space    used 4876K, committed 5056K, reserved 1048576K
}
Event: 2.057 GC heap before
{Heap before GC invocations=9 (full 0):
 garbage-first heap   total 86016K, used 70291K [0x0000000080000000, 0x0000000100000000)
  region size 1024K, 48 young (49152K), 4 survivors (4096K)
 Metaspace       used 42600K, committed 42944K, reserved 1089536K
  class space    used 5555K, committed 5696K, reserved 1048576K
}
Event: 2.060 GC heap after
{Heap after GC invocations=10 (full 0):
 garbage-first heap   total 86016K, used 29436K [0x0000000080000000, 0x0000000100000000)
  region size 1024K, 7 young (7168K), 7 survivors (7168K)
 Metaspace       used 42600K, committed 42944K, reserved 1089536K
  class space    used 5555K, committed 5696K, reserved 1048576K
}
Event: 2.066 GC heap before
{Heap before GC invocations=10 (full 0):
 garbage-first heap   total 86016K, used 30460K [0x0000000080000000, 0x0000000100000000)
  region size 1024K, 8 young (8192K), 7 survivors (7168K)
 Metaspace       used 42621K, committed 43008K, reserved 1089536K
  class space    used 5558K, committed 5696K, reserved 1048576K
}
Event: 2.069 GC heap after
{Heap after GC invocations=11 (full 0):
 garbage-first heap   total 86016K, used 29643K [0x0000000080000000, 0x0000000100000000)
  region size 1024K, 1 young (1024K), 1 survivors (1024K)
 Metaspace       used 42621K, committed 43008K, reserved 1089536K
  class space    used 5558K, committed 5696K, reserved 1048576K
}
Event: 2.296 GC heap before
{Heap before GC invocations=11 (full 0):
 garbage-first heap   total 86016K, used 64459K [0x0000000080000000, 0x0000000100000000)
  region size 1024K, 35 young (35840K), 1 survivors (1024K)
 Metaspace       used 46192K, committed 46592K, reserved 1089536K
  class space    used 6108K, committed 6272K, reserved 1048576K
}
Event: 2.298 GC heap after
{Heap after GC invocations=12 (full 0):
 garbage-first heap   total 168960K, used 31824K [0x0000000080000000, 0x0000000100000000)
  region size 1024K, 4 young (4096K), 4 survivors (4096K)
 Metaspace       used 46192K, committed 46592K, reserved 1089536K
  class space    used 6108K, committed 6272K, reserved 1048576K
}
Event: 2.887 GC heap before
{Heap before GC invocations=12 (full 0):
 garbage-first heap   total 168960K, used 121936K [0x0000000080000000, 0x0000000100000000)
  region size 1024K, 92 young (94208K), 4 survivors (4096K)
 Metaspace       used 52088K, committed 52544K, reserved 1097728K
  class space    used 6835K, committed 7040K, reserved 1048576K
}
Event: 2.890 GC heap after
{Heap after GC invocations=13 (full 0):
 garbage-first heap   total 168960K, used 35686K [0x0000000080000000, 0x0000000100000000)
  region size 1024K, 7 young (7168K), 7 survivors (7168K)
 Metaspace       used 52088K, committed 52544K, reserved 1097728K
  class space    used 6835K, committed 7040K, reserved 1048576K
}
Event: 3.301 GC heap before
{Heap before GC invocations=13 (full 0):
 garbage-first heap   total 168960K, used 106342K [0x0000000080000000, 0x0000000100000000)
  region size 1024K, 69 young (70656K), 7 survivors (7168K)
 Metaspace       used 59835K, committed 60288K, reserved 1105920K
  class space    used 7877K, committed 8064K, reserved 1048576K
}
Event: 3.307 GC heap after
{Heap after GC invocations=14 (full 0):
 garbage-first heap   total 168960K, used 52485K [0x0000000080000000, 0x0000000100000000)
  region size 1024K, 12 young (12288K), 12 survivors (12288K)
 Metaspace       used 59835K, committed 60288K, reserved 1105920K
  class space    used 7877K, committed 8064K, reserved 1048576K
}
Event: 3.807 GC heap before
{Heap before GC invocations=15 (full 0):
 garbage-first heap   total 168960K, used 132357K [0x0000000080000000, 0x0000000100000000)
  region size 1024K, 84 young (86016K), 12 survivors (12288K)
 Metaspace       used 67654K, committed 68224K, reserved 1114112K
  class space    used 8850K, committed 9152K, reserved 1048576K
}
Event: 3.813 GC heap after
{Heap after GC invocations=16 (full 0):
 garbage-first heap   total 168960K, used 60629K [0x0000000080000000, 0x0000000100000000)
  region size 1024K, 8 young (8192K), 8 survivors (8192K)
 Metaspace       used 67654K, committed 68224K, reserved 1114112K
  class space    used 8850K, committed 9152K, reserved 1048576K
}
Event: 3.817 GC heap before
{Heap before GC invocations=16 (full 0):
 garbage-first heap   total 168960K, used 61653K [0x0000000080000000, 0x0000000100000000)
  region size 1024K, 9 young (9216K), 8 survivors (8192K)
 Metaspace       used 67689K, committed 68224K, reserved 1114112K
  class space    used 8857K, committed 9152K, reserved 1048576K
}
Event: 3.820 GC heap after
{Heap after GC invocations=17 (full 0):
 garbage-first heap   total 168960K, used 61609K [0x0000000080000000, 0x0000000100000000)
  region size 1024K, 2 young (2048K), 2 survivors (2048K)
 Metaspace       used 67689K, committed 68224K, reserved 1114112K
  class space    used 8857K, committed 9152K, reserved 1048576K
}
Event: 4.154 GC heap before
{Heap before GC invocations=17 (full 0):
 garbage-first heap   total 168960K, used 128169K [0x0000000080000000, 0x0000000100000000)
  region size 1024K, 67 young (68608K), 2 survivors (2048K)
 Metaspace       used 71175K, committed 71744K, reserved 1114112K
  class space    used 9344K, committed 9600K, reserved 1048576K
}
Event: 4.158 GC heap after
{Heap after GC invocations=18 (full 0):
 garbage-first heap   total 168960K, used 65330K [0x0000000080000000, 0x0000000100000000)
  region size 1024K, 6 young (6144K), 6 survivors (6144K)
 Metaspace       used 71175K, committed 71744K, reserved 1114112K
  class space    used 9344K, committed 9600K, reserved 1048576K
}

